<?xml version="1.0" encoding="UTF-8"?>
<!-- Generated by org.testng.reporters.JUnitXMLReporter -->
<testsuite hostname="2S98FC2" ignored="0" name="startServer" tests="7" failures="1" timestamp="2020-11-04T08:53:24 IST" time="92.644" errors="0">
  <testcase name="signInButtonTest" time="2.619" classname="automation.Automation.SignInPageTest"/>
  <testcase name="LoginAccountLableTest" time="4.046" classname="automation.Automation.LoginPageTest"/>
  <testcase name="createAccountLableTest" time="0.742" classname="automation.Automation.LoginPageTest"/>
  <testcase name="loginTest" time="15.85" classname="automation.Automation.LoginPageTest"/>
  <testcase name="SearchProduct" time="24.359" classname="automation.Automation.ProductSearchTest"/>
  <testcase name="addToCart" time="2.866" classname="automation.Automation.ProductSearchTest">
    <failure type="java.lang.AssertionError" message="expected:&amp;lt;0&amp;gt; but was:&amp;lt;1&amp;gt;">
      <![CDATA[java.lang.AssertionError: expected:<0> but was:<1>
at org.junit.Assert.fail(Assert.java:88)
at org.junit.Assert.failNotEquals(Assert.java:743)
at org.junit.Assert.assertEquals(Assert.java:118)
at org.junit.Assert.assertEquals(Assert.java:555)
at org.junit.Assert.assertEquals(Assert.java:542)
at automation.Automation.ProductSearchTest.addToCart(ProductSearchTest.java:98)
at java.util.ArrayList.forEach(ArrayList.java:1257)
... Removed 27 stack frames]]>
    </failure>
  </testcase> <!-- addToCart -->
  <testcase name="cart" time="10.282" classname="automation.Automation.ProductSearchTest"/>
</testsuite> <!-- startServer -->
