<?xml version="1.0" encoding="UTF-8"?>
<!-- Generated by org.testng.reporters.JUnitXMLReporter -->
<testsuite hostname="2S98FC2" ignored="0" name="startServer" tests="4" failures="1" timestamp="2020-07-20T19:42:20 IST" time="67.135" errors="0">
  <testcase name="selectCountry" time="42.588" classname="automation.Automation.HomePageTest"/>
  <testcase name="setName" time="3.426" classname="automation.Automation.HomePageTest"/>
  <testcase name="selectGenderOption" time="0.851" classname="automation.Automation.HomePageTest"/>
  <testcase name="clickOnLetsShopButton" time="0.619" classname="automation.Automation.HomePageTest">
    <failure type="java.lang.AssertionError" message="expected [false] but found [true]">
      <![CDATA[java.lang.AssertionError: expected [false] but found [true]
at automation.Automation.HomePageTest.clickOnLetsShopButton(HomePageTest.java:77)
at java.util.ArrayList.forEach(ArrayList.java:1257)
... Removed 32 stack frames]]>
    </failure>
  </testcase> <!-- clickOnLetsShopButton -->
</testsuite> <!-- startServer -->
